make all --print-data-base --no-builtin-variables --no-builtin-rules --question
# GNU Make 3.81
# Copyright (C) 2006  Free Software Foundation, Inc.
# This is free software; see the source for copying conditions.
# There is NO warranty; not even for MERCHANTABILITY or FITNESS FOR A
# PARTICULAR PURPOSE.

# This program built for i386-apple-darwin11.3.0

# Make data base, printed on Tue Jun 14 10:25:11 2022

# Variables

# automatic
<D = $(patsubst %/,%,$(dir $<))
# automatic
?F = $(notdir $?)
# makefile (from `Makefile', line 19)
SRC = main.c philo_act.c ft_utils.c try_philo.c ft_time.c monitoring.c
# environment
LC_CTYPE = UTF-8
# environment
VSCODE_LOG_NATIVE = false
# automatic
?D = $(patsubst %/,%,$(dir $?))
# automatic
@D = $(patsubst %/,%,$(dir $@))
# automatic
@F = $(notdir $@)
# makefile
CURDIR := /Users/yoseo/42/philo
# makefile
SHELL = /bin/sh
# environment
VSCODE_NLS_CONFIG = {"locale":"en-us","availableLanguages":{},"_languagePackSupport":true}
# environment
_ = /usr/bin/make
# makefile (from `Makefile', line 15)
CFLAGS = -Wall -Wextra -Werror
# makefile (from `Makefile', line 1)
MAKEFILE_LIST :=  Makefile
# environment
VSCODE_VERBOSE_LOGGING = true
# makefile (from `Makefile', line 27)
OBJS = $(SRCS:%.c=%.o)
# environment
VSCODE_IPC_HOOK_EXTHOST = /var/folders/zz/zyxvpxvq6csfxvn_n000cmdh00353c/T/vscode-ipc-e358e141-08df-4577-bf30-629c9023c068.sock
# environment
VSCODE_CWD = /Users/yoseo/42/philo
# environment
PATH = /usr/local/bin:/usr/bin:/bin:/usr/sbin:/sbin:/usr/local/munki
# environment
LaunchInstanceID = CA4536E4-886F-4CF1-A08F-8621A0D3A74F
# environment
VSCODE_LOG_STACK = false
# environment
ELECTRON_RUN_AS_NODE = 1
# default
.FEATURES := target-specific order-only second-expansion else-if archives jobserver check-symlink
# environment
SSH_AUTH_SOCK = /private/tmp/com.apple.launchd.MLPRtNvujI/Listeners
# automatic
%F = $(notdir $%)
# environment
VSCODE_PIPE_LOGGING = true
# environment
PWD = /Users/yoseo/42/philo
# environment
ORIGINAL_XDG_CURRENT_DESKTOP = undefined
# environment
VSCODE_AMD_ENTRYPOINT = vs/workbench/api/node/extensionHostProcess
# environment
HOME = /Users/yoseo
# makefile (from `Makefile', line 17)
INCLUE_DIR = ./include/
# default
MAKEFILEPATH := /Applications/Xcode.app/Contents/Developer/Makefiles
# environment
VSCODE_CODE_CACHE_PATH = /Users/yoseo/Library/Application Support/Code/CachedData/c3511e6c69bb39013c4a4b7b9566ec1ca73fc4d5
# environment
LOGNAME = yoseo
# environment
APPLICATION_INSIGHTS_NO_DIAGNOSTIC_CHANNEL = 1
# environment
VSCODE_HANDLES_UNCAUGHT_ERRORS = true
# automatic
^D = $(patsubst %/,%,$(dir $^))
# environment
XPC_FLAGS = 0x0
# environment
COLORTERM = truecolor
# default
MAKE = $(MAKE_COMMAND)
# environment
LC_TERMINAL = iTerm2
# makefile (from `Makefile', line 26)
SRCS = $(addprefix $(SRC_DIR), $(SRC))
# environment
SHLVL = 2
# makefile (from `Makefile', line 14)
CC = cc
# default
MAKE_VERSION := 3.81
# environment
USER = yoseo
# makefile
.DEFAULT_GOAL := all
# default
MAKECMDGOALS := all
# environment
TERM_SESSION_ID = w0t0p0:1653E3BE-A5AC-4DC6-A4D9-098F626E0A04
# makefile (from `Makefile', line 13)
NAME = philo
# automatic
%D = $(patsubst %/,%,$(dir $%))
# default
MAKE_COMMAND := /Applications/Xcode.app/Contents/Developer/usr/bin/make
# environment
TERM_PROGRAM = iTerm.app
# default
.VARIABLES := 
# environment
TMPDIR = /var/folders/zz/zyxvpxvq6csfxvn_n000cmdh00353c/T/
# automatic
*F = $(notdir $*)
# environment
VSCODE_IPC_HOOK = /Users/yoseo/Library/Application Support/Code/1.67.2-main.sock
# makefile
MAKEFLAGS = Rrqp
# environment
MFLAGS = -Rrqp
# automatic
*D = $(patsubst %/,%,$(dir $*))
# environment
TERM_PROGRAM_VERSION = 3.3.7
# environment
XPC_SERVICE_NAME = com.microsoft.VSCode.9124.1859F420-700B-4485-9F41-44D778BB9DE1
# environment
LC_TERMINAL_VERSION = 3.3.7
# automatic
+D = $(patsubst %/,%,$(dir $+))
# automatic
+F = $(notdir $+)
# environment
ITERM_SESSION_ID = w0t0p0:1653E3BE-A5AC-4DC6-A4D9-098F626E0A04
# environment
COLORFGBG = 12;8
# environment
__CF_USER_TEXT_ENCODING = 0x1946C:0x0:0x0
# environment
COMMAND_MODE = unix2003
# default
MAKEFILES := 
# makefile (from `Makefile', line 16)
SRC_DIR = ./src/
# automatic
<F = $(notdir $<)
# environment
ITERM_PROFILE = Default
# environment
LC_ALL = C
# environment
SECURITYSESSIONID = 186a6
# automatic
^F = $(notdir $^)
# default
SUFFIXES := 
# default
.INCLUDE_DIRS = /usr/local/include
# environment
MAKELEVEL := 0
# environment
LANG = C
# environment
TERM = xterm-256color
# environment
VSCODE_PID = 2169
# variable set hash-table stats:
# Load=82/1024=8%, Rehash=0, Collisions=6/112=5%

# Pattern-specific Variable Values

# No pattern-specific variable values.

# Directories

# . (device 16777225, inode 829082): 9 files, no impossibilities.
# src (device 16777225, inode 829140): 13 files, no impossibilities so far.

# 22 files, no impossibilities in 2 directories.

# Implicit Rules

%.o: %.c
#  commands to execute (from `Makefile', line 39):
	$(CC) $(CFLAGS) -o $@ -c $^ -I $(INCLUE_DIR)
	

# 1 implicit rules, 0 (0.0%) terminal.

# Files

# Not a target:
src/try_philo.c:
#  Implicit rule search has been done.
#  Last modified 2022-06-14 10:19:25
#  File has been updated.
#  Successfully updated.
# variable set hash-table stats:
# Load=0/32=0%, Rehash=0, Collisions=0/0=0%

all: philo
#  Phony target (prerequisite of .PHONY).
#  Command-line target.
#  Implicit rule search has not been done.
#  File does not exist.
#  File has been updated.
#  Successfully updated.
# variable set hash-table stats:
# Load=0/32=0%, Rehash=0, Collisions=0/0=0%

philo: src/main.o src/philo_act.o src/ft_utils.o src/try_philo.o src/ft_time.o src/monitoring.o
#  Implicit rule search has not been done.
#  Last modified 2022-06-14 10:22:46
#  File has been updated.
#  Successfully updated.
# variable set hash-table stats:
# Load=0/32=0%, Rehash=0, Collisions=0/0=0%
#  commands to execute (from `Makefile', line 36):
	$(CC) -o $@ $^ -pthread
	

.PHONY: all clean fclean re bonus
#  Implicit rule search has not been done.
#  Modification time never checked.
#  File has not been updated.

src/main.o: src/main.c
#  Implicit rule search has been done.
#  Implicit/static pattern stem: `src/main'
#  Last modified 2022-06-14 10:13:30
#  File has been updated.
#  Successfully updated.
# variable set hash-table stats:
# Load=0/32=0%, Rehash=0, Collisions=0/0=0%
#  commands to execute (from `Makefile', line 39):
	$(CC) $(CFLAGS) -o $@ -c $^ -I $(INCLUE_DIR)
	

# Not a target:
src/ft_time.c:
#  Implicit rule search has been done.
#  Last modified 2022-06-14 02:54:05
#  File has been updated.
#  Successfully updated.
# variable set hash-table stats:
# Load=0/32=0%, Rehash=0, Collisions=0/0=0%

# Not a target:
.SUFFIXES:
#  Implicit rule search has not been done.
#  Modification time never checked.
#  File has not been updated.

src/monitoring.o: src/monitoring.c
#  Implicit rule search has been done.
#  Implicit/static pattern stem: `src/monitoring'
#  Last modified 2022-06-14 10:13:30
#  File has been updated.
#  Successfully updated.
# variable set hash-table stats:
# Load=0/32=0%, Rehash=0, Collisions=0/0=0%
#  commands to execute (from `Makefile', line 39):
	$(CC) $(CFLAGS) -o $@ -c $^ -I $(INCLUE_DIR)
	

# Not a target:
Makefile:
#  Implicit rule search has been done.
#  Last modified 2022-06-14 08:42:06
#  File has been updated.
#  Successfully updated.
# variable set hash-table stats:
# Load=0/32=0%, Rehash=0, Collisions=0/0=0%

# Not a target:
src/philo_act.c:
#  Implicit rule search has been done.
#  Last modified 2022-06-14 10:17:09
#  File has been updated.
#  Successfully updated.
# variable set hash-table stats:
# Load=0/32=0%, Rehash=0, Collisions=0/0=0%

bonus:
#  Phony target (prerequisite of .PHONY).
#  Implicit rule search has not been done.
#  File does not exist.
#  File has not been updated.

fclean: clean
#  Phony target (prerequisite of .PHONY).
#  Implicit rule search has not been done.
#  File does not exist.
#  File has not been updated.
#  commands to execute (from `Makefile', line 45):
	rm -rf $(NAME)
	

# Not a target:
src/main.c:
#  Implicit rule search has been done.
#  Last modified 2022-06-14 10:10:56
#  File has been updated.
#  Successfully updated.
# variable set hash-table stats:
 
# Load=0/32=0%, Rehash=0, Collisions=0/0=0%

# Not a target:
src/monitoring.c:
#  Implicit rule search has been done.
#  Last modified 2022-06-14 08:48:32
#  File has been updated.
#  Successfully updated.
# variable set hash-table stats:
# Load=0/32=0%, Rehash=0, Collisions=0/0=0%

# Not a target:
.DEFAULT:
#  Implicit rule search has not been done.
#  Modification time never checked.
#  File has not been updated.

src/ft_utils.o: src/ft_utils.c
#  Implicit rule search has been done.
#  Implicit/static pattern stem: `src/ft_utils'
#  Last modified 2022-06-14 10:13:30
#  File has been updated.
#  Successfully updated.
# variable set hash-table stats:
# Load=0/32=0%, Rehash=0, Collisions=0/0=0%
#  commands to execute (from `Makefile', line 39):
	$(CC) $(CFLAGS) -o $@ -c $^ -I $(INCLUE_DIR)
	

re: fclean all
#  Phony target (prerequisite of .PHONY).
#  Implicit rule search has not been done.
#  File does not exist.
#  File has not been updated.

clean:
#  Phony target (prerequisite of .PHONY).
#  Implicit rule search has not been done.
#  File does not exist.
#  File has not been updated.
#  commands to execute (from `Makefile', line 42):
	rm -rf $(OBJS)
	

src/try_philo.o: src/try_philo.c
#  Implicit rule search has been done.
#  Implicit/static pattern stem: `src/try_philo'
#  Last modified 2022-06-14 10:22:46
#  File has been updated.
#  Successfully updated.
# variable set hash-table stats:
# Load=0/32=0%, Rehash=0, Collisions=0/0=0%
#  commands to execute (from `Makefile', line 39):
	$(CC) $(CFLAGS) -o $@ -c $^ -I $(INCLUE_DIR)
	

racecheck:
#  Implicit rule search has not been done.
#  Modification time never checked.
#  File has not been updated.
#  commands to execute (from `Makefile', line 33):
	$(CC) -o philo -fsanitize=thread -g $(SRCS) -I $(INCLUE_DIR);
	

src/ft_time.o: src/ft_time.c
#  Implicit rule search has been done.
#  Implicit/static pattern stem: `src/ft_time'
#  Last modified 2022-06-14 10:13:30
#  File has been updated.
#  Successfully updated.
# variable set hash-table stats:
# Load=0/32=0%, Rehash=0, Collisions=0/0=0%
#  commands to execute (from `Makefile', line 39):
	$(CC) $(CFLAGS) -o $@ -c $^ -I $(INCLUE_DIR)
	

# Not a target:
src/ft_utils.c:
#  Implicit rule search has been done.
#  Last modified 2022-06-14 10:13:26
#  File has been updated.
#  Successfully updated.
# variable set hash-table stats:
# Load=0/32=0%, Rehash=0, Collisions=0/0=0%

src/philo_act.o: src/philo_act.c
#  Implicit rule search has been done.
#  Implicit/static pattern stem: `src/philo_act'
#  Last modified 2022-06-14 10:22:46
#  File has been updated.
#  Successfully updated.
# variable set hash-table stats:
# Load=0/32=0%, Rehash=0, Collisions=0/0=0%
#  commands to execute (from `Makefile', line 39):
	$(CC) $(CFLAGS) -o $@ -c $^ -I $(INCLUE_DIR)
	

# files hash-table stats:
# Load=23/1024=2%, Rehash=0, Collisions=9/69=13%
# VPATH Search Paths

# No `vpath' search paths.

# No general (`VPATH' variable) search path.

# # of strings in strcache: 1
# # of strcache buffers: 1
# strcache size: total = 4096 / max = 4096 / min = 4096 / avg = 4096
# strcache free: total = 4087 / max = 4087 / min = 4087 / avg = 4087

# Finished Make data base on Tue Jun 14 10:25:11 2022

 
